0 info it worked if it ends with ok
1 verbose cli [ 'node',
1 verbose cli   '/home/lucas/.nvm_resources/v0.10.30/bin/npm',
1 verbose cli   'start' ]
2 info using npm@1.4.23
3 info using node@v0.10.30
4 verbose run-script [ 'prestart', 'start', 'poststart' ]
5 info prestart web-crawler@0.0.1
6 info start web-crawler@0.0.1
7 verbose unsafe-perm in lifecycle true
8 info web-crawler@0.0.1 Failed to exec start script
9 error web-crawler@0.0.1 start: `node ./bin/www`
9 error Exit status 8
10 error Failed at the web-crawler@0.0.1 start script.
10 error This is most likely a problem with the web-crawler package,
10 error not with npm itself.
10 error Tell the author that this fails on your system:
10 error     node ./bin/www
10 error You can get their info via:
10 error     npm owner ls web-crawler
10 error There is likely additional logging output above.
11 error System Linux 3.13.0-27-generic
12 error command "node" "/home/lucas/.nvm_resources/v0.10.30/bin/npm" "start"
13 error cwd /home/lucas/Desktop/web-crawler
14 error node -v v0.10.30
15 error npm -v 1.4.23
16 error code ELIFECYCLE
17 verbose exit [ 1, true ]
